[debug] [2025-11-17T22:18:34.702Z] ----------------------------------------------------------------------
[debug] [2025-11-17T22:18:34.703Z] Command:       /Users/davidanderson/.nvm/versions/node/v20.19.2/bin/node /Users/davidanderson/.nvm/versions/node/v20.19.2/bin/firebase deploy --project live-events-6f3e5 --only hosting,functions
[debug] [2025-11-17T22:18:34.703Z] CLI Version:   14.22.0
[debug] [2025-11-17T22:18:34.704Z] Platform:      darwin
[debug] [2025-11-17T22:18:34.704Z] Node Version:  v20.19.2
[debug] [2025-11-17T22:18:34.704Z] Time:          Mon Nov 17 2025 17:18:34 GMT-0500 (Eastern Standard Time)
[debug] [2025-11-17T22:18:34.704Z] ----------------------------------------------------------------------
[debug] 
[debug] [2025-11-17T22:18:34.827Z] > command requires scopes: ["email","openid","https://www.googleapis.com/auth/cloudplatformprojects.readonly","https://www.googleapis.com/auth/firebase","https://www.googleapis.com/auth/cloud-platform"]
[debug] [2025-11-17T22:18:34.827Z] > authorizing via signed-in user (dvdndrsn@gmail.com)
[debug] [2025-11-17T22:18:34.827Z] [iam] checking project live-events-6f3e5 for permissions ["cloudfunctions.functions.create","cloudfunctions.functions.delete","cloudfunctions.functions.get","cloudfunctions.functions.list","cloudfunctions.functions.update","cloudfunctions.operations.get","firebase.projects.get","firebasehosting.sites.update"]
[debug] [2025-11-17T22:18:34.828Z] Checked if tokens are valid: true, expires at: 1763420038418
[debug] [2025-11-17T22:18:34.828Z] Checked if tokens are valid: true, expires at: 1763420038418
[debug] [2025-11-17T22:18:34.828Z] >>> [apiv2][query] POST https://cloudresourcemanager.googleapis.com/v1/projects/live-events-6f3e5:testIamPermissions [none]
[debug] [2025-11-17T22:18:34.828Z] >>> [apiv2][(partial)header] POST https://cloudresourcemanager.googleapis.com/v1/projects/live-events-6f3e5:testIamPermissions x-goog-quota-user=projects/live-events-6f3e5
[debug] [2025-11-17T22:18:34.829Z] >>> [apiv2][body] POST https://cloudresourcemanager.googleapis.com/v1/projects/live-events-6f3e5:testIamPermissions {"permissions":["cloudfunctions.functions.create","cloudfunctions.functions.delete","cloudfunctions.functions.get","cloudfunctions.functions.list","cloudfunctions.functions.update","cloudfunctions.operations.get","firebase.projects.get","firebasehosting.sites.update"]}
[debug] [2025-11-17T22:18:35.114Z] <<< [apiv2][status] POST https://cloudresourcemanager.googleapis.com/v1/projects/live-events-6f3e5:testIamPermissions 200
[debug] [2025-11-17T22:18:35.115Z] <<< [apiv2][body] POST https://cloudresourcemanager.googleapis.com/v1/projects/live-events-6f3e5:testIamPermissions {"permissions":["cloudfunctions.functions.create","cloudfunctions.functions.delete","cloudfunctions.functions.get","cloudfunctions.functions.list","cloudfunctions.functions.update","cloudfunctions.operations.get","firebase.projects.get","firebasehosting.sites.update"]}
[debug] [2025-11-17T22:18:35.115Z] Checked if tokens are valid: true, expires at: 1763420038418
[debug] [2025-11-17T22:18:35.115Z] Checked if tokens are valid: true, expires at: 1763420038418
[debug] [2025-11-17T22:18:35.115Z] >>> [apiv2][query] POST https://iam.googleapis.com/v1/projects/live-events-6f3e5/serviceAccounts/live-events-6f3e5@appspot.gserviceaccount.com:testIamPermissions [none]
[debug] [2025-11-17T22:18:35.115Z] >>> [apiv2][body] POST https://iam.googleapis.com/v1/projects/live-events-6f3e5/serviceAccounts/live-events-6f3e5@appspot.gserviceaccount.com:testIamPermissions {"permissions":["iam.serviceAccounts.actAs"]}
[debug] [2025-11-17T22:18:35.400Z] <<< [apiv2][status] POST https://iam.googleapis.com/v1/projects/live-events-6f3e5/serviceAccounts/live-events-6f3e5@appspot.gserviceaccount.com:testIamPermissions 200
[debug] [2025-11-17T22:18:35.400Z] <<< [apiv2][body] POST https://iam.googleapis.com/v1/projects/live-events-6f3e5/serviceAccounts/live-events-6f3e5@appspot.gserviceaccount.com:testIamPermissions {"permissions":["iam.serviceAccounts.actAs"]}
[debug] [2025-11-17T22:18:35.401Z] Checked if tokens are valid: true, expires at: 1763420038418
[debug] [2025-11-17T22:18:35.401Z] Checked if tokens are valid: true, expires at: 1763420038418
[debug] [2025-11-17T22:18:35.401Z] >>> [apiv2][query] GET https://firebase.googleapis.com/v1beta1/projects/live-events-6f3e5 [none]
[debug] [2025-11-17T22:18:35.671Z] <<< [apiv2][status] GET https://firebase.googleapis.com/v1beta1/projects/live-events-6f3e5 200
[debug] [2025-11-17T22:18:35.671Z] <<< [apiv2][body] GET https://firebase.googleapis.com/v1beta1/projects/live-events-6f3e5 {"projectId":"live-events-6f3e5","projectNumber":"143474582542","displayName":"live-events","name":"projects/live-events-6f3e5","resources":{"hostingSite":"live-events-6f3e5"},"state":"ACTIVE","etag":"1_9a4b2901-30fc-4929-8944-b153ea98a15b"}
[info] 
[info] === Deploying to 'live-events-6f3e5'...
[info] 
[info] i  deploying functions, hosting 
[debug] [2025-11-17T22:18:35.673Z] Checked if tokens are valid: true, expires at: 1763420038418
[debug] [2025-11-17T22:18:35.673Z] Checked if tokens are valid: true, expires at: 1763420038418
[debug] [2025-11-17T22:18:35.673Z] >>> [apiv2][query] GET https://cloudresourcemanager.googleapis.com/v1/projects/live-events-6f3e5 [none]
[debug] [2025-11-17T22:18:35.782Z] <<< [apiv2][status] GET https://cloudresourcemanager.googleapis.com/v1/projects/live-events-6f3e5 200
[debug] [2025-11-17T22:18:35.782Z] <<< [apiv2][body] GET https://cloudresourcemanager.googleapis.com/v1/projects/live-events-6f3e5 {"projectNumber":"143474582542","projectId":"live-events-6f3e5","lifecycleState":"ACTIVE","name":"live-events","labels":{"firebase":"enabled","firebase-core":"disabled"},"createTime":"2025-11-17T19:10:33.758872Z"}
[info] i  functions: preparing codebase default for deployment 
[info] i  functions: ensuring required API cloudfunctions.googleapis.com is enabled... 
[info] i  functions: ensuring required API cloudbuild.googleapis.com is enabled... 
[info] i  artifactregistry: ensuring required API artifactregistry.googleapis.com is enabled... 
[debug] [2025-11-17T22:18:35.783Z] Checked if tokens are valid: true, expires at: 1763420038418
[debug] [2025-11-17T22:18:35.783Z] Checked if tokens are valid: true, expires at: 1763420038418
[debug] [2025-11-17T22:18:35.783Z] >>> [apiv2][query] GET https://firebase.googleapis.com/v1beta1/projects/live-events-6f3e5/adminSdkConfig [none]
[debug] [2025-11-17T22:18:35.945Z] <<< [apiv2][status] GET https://firebase.googleapis.com/v1beta1/projects/live-events-6f3e5/adminSdkConfig 200
[debug] [2025-11-17T22:18:35.945Z] <<< [apiv2][body] GET https://firebase.googleapis.com/v1beta1/projects/live-events-6f3e5/adminSdkConfig {"projectId":"live-events-6f3e5","storageBucket":"live-events-6f3e5.firebasestorage.app"}
[debug] [2025-11-17T22:18:35.945Z] Checked if tokens are valid: true, expires at: 1763420038418
[debug] [2025-11-17T22:18:35.945Z] Checked if tokens are valid: true, expires at: 1763420038418
[debug] [2025-11-17T22:18:35.945Z] >>> [apiv2][query] GET https://runtimeconfig.googleapis.com/v1beta1/projects/live-events-6f3e5/configs [none]
[debug] [2025-11-17T22:18:36.243Z] <<< [apiv2][status] GET https://runtimeconfig.googleapis.com/v1beta1/projects/live-events-6f3e5/configs 200
[debug] [2025-11-17T22:18:36.243Z] <<< [apiv2][body] GET https://runtimeconfig.googleapis.com/v1beta1/projects/live-events-6f3e5/configs {}
[debug] [2025-11-17T22:18:36.244Z] Validating nodejs source
[warn] ⚠  functions: package.json indicates an outdated version of firebase-functions. Please upgrade using npm install --save firebase-functions@latest in your functions directory. 
[warn] ⚠  functions: Please note that there will be breaking changes when you upgrade. 
[debug] [2025-11-17T22:18:36.703Z] > [functions] package.json contents: {
  "name": "live-events-functions",
  "private": true,
  "version": "1.0.0",
  "description": "Cloud Functions for Live Events",
  "main": "index.js",
  "engines": {
    "node": "20"
  },
  "dependencies": {
    "cors": "^2.8.5",
    "dotenv": "^16.4.5",
    "express": "^5.1.0",
    "firebase-admin": "^13.4.0",
    "firebase-functions": "^5.1.0",
    "nodemailer": "^6.9.8",
    "plaid": "^37.0.0",
    "twilio": "^4.21.0"
  }
}
[debug] [2025-11-17T22:18:36.703Z] Building nodejs source
[info] i  functions: Loading and analyzing source code for codebase default to determine what to deploy 
[debug] [2025-11-17T22:18:36.703Z] Could not find functions.yaml. Must use http discovery
[debug] [2025-11-17T22:18:36.707Z] Found firebase-functions binary at '/Users/davidanderson/live-shows/functions/node_modules/.bin/firebase-functions'
[info] Serving at port 8288

[debug] [2025-11-17T22:18:36.981Z] Got response from /__/functions.yaml {"endpoints":{"api":{"platform":"gcfv1","availableMemoryMb":null,"timeoutSeconds":null,"minInstances":null,"maxInstances":null,"ingressSettings":null,"serviceAccountEmail":null,"vpc":null,"region":["us-central1"],"httpsTrigger":{},"entryPoint":"api"}},"specVersion":"v1alpha1","requiredAPIs":[],"extensions":{}}
[info] i  extensions: ensuring required API firebaseextensions.googleapis.com is enabled... 
[debug] [2025-11-17T22:18:40.996Z] > command requires scopes: ["email","openid","https://www.googleapis.com/auth/cloudplatformprojects.readonly","https://www.googleapis.com/auth/firebase","https://www.googleapis.com/auth/cloud-platform"]
[debug] [2025-11-17T22:18:40.996Z] > authorizing via signed-in user (dvdndrsn@gmail.com)
[debug] [2025-11-17T22:18:40.996Z] [iam] checking project live-events-6f3e5 for permissions ["firebase.projects.get","firebaseextensions.instances.list"]
[debug] [2025-11-17T22:18:40.996Z] Checked if tokens are valid: true, expires at: 1763420038418
[debug] [2025-11-17T22:18:40.996Z] Checked if tokens are valid: true, expires at: 1763420038418
[debug] [2025-11-17T22:18:40.996Z] >>> [apiv2][query] POST https://cloudresourcemanager.googleapis.com/v1/projects/live-events-6f3e5:testIamPermissions [none]
[debug] [2025-11-17T22:18:40.996Z] >>> [apiv2][(partial)header] POST https://cloudresourcemanager.googleapis.com/v1/projects/live-events-6f3e5:testIamPermissions x-goog-quota-user=projects/live-events-6f3e5
[debug] [2025-11-17T22:18:40.996Z] >>> [apiv2][body] POST https://cloudresourcemanager.googleapis.com/v1/projects/live-events-6f3e5:testIamPermissions {"permissions":["firebase.projects.get","firebaseextensions.instances.list"]}
[debug] [2025-11-17T22:18:41.237Z] <<< [apiv2][status] POST https://cloudresourcemanager.googleapis.com/v1/projects/live-events-6f3e5:testIamPermissions 200
[debug] [2025-11-17T22:18:41.237Z] <<< [apiv2][body] POST https://cloudresourcemanager.googleapis.com/v1/projects/live-events-6f3e5:testIamPermissions {"permissions":["firebase.projects.get","firebaseextensions.instances.list"]}
[debug] [2025-11-17T22:18:41.237Z] Checked if tokens are valid: true, expires at: 1763420038418
[debug] [2025-11-17T22:18:41.237Z] Checked if tokens are valid: true, expires at: 1763420038418
[debug] [2025-11-17T22:18:41.238Z] >>> [apiv2][query] GET https://firebaseextensions.googleapis.com/v1beta/projects/live-events-6f3e5/instances pageSize=100&pageToken=
